[2719] debug @0.000015> [hit #1]coming in main before in /Users/harshal/Developments/Projects/Dancer-App-CRM/lib/Dancer/App/CRM/Base.pm l. 69
[2719] debug @0.000537> [hit #1]Authenticate  :/ in /Users/harshal/Developments/Projects/Dancer-App-CRM/lib/Dancer/App/CRM/Base.pm l. 29
[2722] debug @0.000016> [hit #1]coming in main before in /Users/harshal/Developments/Projects/Dancer-App-CRM/lib/Dancer/App/CRM/Base.pm l. 69
[2722] debug @0.000462> [hit #1]Authenticate  :/ in /Users/harshal/Developments/Projects/Dancer-App-CRM/lib/Dancer/App/CRM/Base.pm l. 29
[2735] debug @0.000016> [hit #1]coming in main before in /Users/harshal/Developments/Projects/Dancer-App-CRM/lib/Dancer/App/CRM/Base.pm l. 69
[2740] debug @0.000017> [hit #1]coming in main before in /Users/harshal/Developments/Projects/Dancer-App-CRM/lib/Dancer/App/CRM/Base.pm l. 69
[2743] debug @0.000016> [hit #1]coming in main before in /Users/harshal/Developments/Projects/Dancer-App-CRM/lib/Dancer/App/CRM/Base.pm l. 69
[3299] debug @0.000015> [hit #1]coming in main before in /Users/harshal/Developments/Projects/Dancer-App-CRM/lib/Dancer/App/CRM/Base.pm l. 69
[3308] debug @0.000015> [hit #1]coming in main before in /Users/harshal/Developments/Projects/Dancer-App-CRM/lib/Dancer/App/CRM/Base.pm l. 69
[3308] debug @0.002077> [hit #2]coming in main before in /Users/harshal/Developments/Projects/Dancer-App-CRM/lib/Dancer/App/CRM/Base.pm l. 69
[3311] debug @0.000016> [hit #1]coming in main before in /Users/harshal/Developments/Projects/Dancer-App-CRM/lib/Dancer/App/CRM/Base.pm l. 69
[3311] debug @0.001956> [hit #2]coming in main before in /Users/harshal/Developments/Projects/Dancer-App-CRM/lib/Dancer/App/CRM/Base.pm l. 69
[3315] debug @0.000016> [hit #1]coming in main before in /Users/harshal/Developments/Projects/Dancer-App-CRM/lib/Dancer/App/CRM/Base.pm l. 69
[3315] debug @0.001642> [hit #2]coming in main before in /Users/harshal/Developments/Projects/Dancer-App-CRM/lib/Dancer/App/CRM/Base.pm l. 69
[3318] debug @0.000016> [hit #1]coming in main before in /Users/harshal/Developments/Projects/Dancer-App-CRM/lib/Dancer/App/CRM/Base.pm l. 69
[3318] debug @0.001671> [hit #2]coming in main before in /Users/harshal/Developments/Projects/Dancer-App-CRM/lib/Dancer/App/CRM/Base.pm l. 69
[3344] debug @0.000016> [hit #1]coming in main before in /Users/harshal/Developments/Projects/Dancer-App-CRM/lib/Dancer/App/CRM/Base.pm l. 69
[3344] debug @0.001769> [hit #2]coming in main before in /Users/harshal/Developments/Projects/Dancer-App-CRM/lib/Dancer/App/CRM/Base.pm l. 69
[3344] debug @0.003608> [hit #3]coming in main before in /Users/harshal/Developments/Projects/Dancer-App-CRM/lib/Dancer/App/CRM/Base.pm l. 69
[3355] debug @0.000016> [hit #1]coming in main before in /Users/harshal/Developments/Projects/Dancer-App-CRM/lib/Dancer/App/CRM/Base.pm l. 69
[3355] debug @0.002101> [hit #2]coming in main before in /Users/harshal/Developments/Projects/Dancer-App-CRM/lib/Dancer/App/CRM/Base.pm l. 69
[3355] debug @0.003761> [hit #3]coming in main before in /Users/harshal/Developments/Projects/Dancer-App-CRM/lib/Dancer/App/CRM/Base.pm l. 69
[3358] debug @0.000016> [hit #1]coming in main before in /Users/harshal/Developments/Projects/Dancer-App-CRM/lib/Dancer/App/CRM/Base.pm l. 69
[3358] debug @0.002091> [hit #2]coming in main before in /Users/harshal/Developments/Projects/Dancer-App-CRM/lib/Dancer/App/CRM/Base.pm l. 69
[3358] debug @0.003743> [hit #3]coming in main before in /Users/harshal/Developments/Projects/Dancer-App-CRM/lib/Dancer/App/CRM/Base.pm l. 69
[3361] debug @0.000016> [hit #1]coming in main before in /Users/harshal/Developments/Projects/Dancer-App-CRM/lib/Dancer/App/CRM/Base.pm l. 69
[3361] debug @0.001862> [hit #2]coming in main before in /Users/harshal/Developments/Projects/Dancer-App-CRM/lib/Dancer/App/CRM/Base.pm l. 69
[3361] debug @0.003947> [hit #3]coming in main before in /Users/harshal/Developments/Projects/Dancer-App-CRM/lib/Dancer/App/CRM/Base.pm l. 69
[277] debug @0.000010> [hit #1] coming in main before in /Users/harshal/dev/Dancer-App-CRM/lib/Dancer/App/CRM/Base.pm l. 69
[277] debug @0.001095> [hit #2] coming in main before in /Users/harshal/dev/Dancer-App-CRM/lib/Dancer/App/CRM/Base.pm l. 69
[287] debug @0.000010> [hit #1] coming in main before in /Users/harshal/dev/Dancer-App-CRM/lib/Dancer/App/CRM/Base.pm l. 69
[287] debug @0.001073> [hit #2] coming in main before in /Users/harshal/dev/Dancer-App-CRM/lib/Dancer/App/CRM/Base.pm l. 69
[292] debug @0.000010> [hit #1] coming in main before in /Users/harshal/dev/Dancer-App-CRM/lib/Dancer/App/CRM/Base.pm l. 69
[292] debug @0.001071> [hit #2] coming in main before in /Users/harshal/dev/Dancer-App-CRM/lib/Dancer/App/CRM/Base.pm l. 69
[292] debug @0.001878> [hit #3] coming in main before in /Users/harshal/dev/Dancer-App-CRM/lib/Dancer/App/CRM/Base.pm l. 69
[498] debug @0.000010> [hit #1] coming in main before in /Users/harshal/dev/Dancer-App-CRM/lib/Dancer/App/CRM/Base.pm l. 69
[498] debug @0.001062> [hit #2] coming in main before in /Users/harshal/dev/Dancer-App-CRM/lib/Dancer/App/CRM/Base.pm l. 69
[498] debug @0.001867> [hit #3] coming in main before in /Users/harshal/dev/Dancer-App-CRM/lib/Dancer/App/CRM/Base.pm l. 69
[522] debug @0.000011> [hit #1] coming in main before in /Users/harshal/dev/Dancer-App-CRM/lib/Dancer/App/CRM/Base.pm l. 69
[522] debug @0.001059> [hit #2] coming in main before in /Users/harshal/dev/Dancer-App-CRM/lib/Dancer/App/CRM/Base.pm l. 69
[522] debug @0.001857> [hit #3] coming in main before in /Users/harshal/dev/Dancer-App-CRM/lib/Dancer/App/CRM/Base.pm l. 69
[528] debug @0.000010> [hit #1] coming in main before in /Users/harshal/dev/Dancer-App-CRM/lib/Dancer/App/CRM/Base.pm l. 69
[528] debug @0.001051> [hit #2] coming in main before in /Users/harshal/dev/Dancer-App-CRM/lib/Dancer/App/CRM/Base.pm l. 69
[528] debug @0.001849> [hit #3] coming in main before in /Users/harshal/dev/Dancer-App-CRM/lib/Dancer/App/CRM/Base.pm l. 69
[599] debug @0.000011> [hit #1] coming in main before in /Users/harshal/dev/Dancer-App-CRM/lib/Dancer/App/CRM/Base.pm l. 69
[599] debug @0.001045> [hit #2] coming in main before in /Users/harshal/dev/Dancer-App-CRM/lib/Dancer/App/CRM/Base.pm l. 69
[599] debug @0.001844> [hit #3] coming in main before in /Users/harshal/dev/Dancer-App-CRM/lib/Dancer/App/CRM/Base.pm l. 69
[599] debug @0.564918> [hit #4] coming in main before in /Users/harshal/dev/Dancer-App-CRM/lib/Dancer/App/CRM/Base.pm l. 69
[602] debug @0.000009> [hit #1] coming in main before in /Users/harshal/dev/Dancer-App-CRM/lib/Dancer/App/CRM/Base.pm l. 69
[602] debug @0.001042> [hit #2] coming in main before in /Users/harshal/dev/Dancer-App-CRM/lib/Dancer/App/CRM/Base.pm l. 69
[602] debug @0.001829> [hit #3] coming in main before in /Users/harshal/dev/Dancer-App-CRM/lib/Dancer/App/CRM/Base.pm l. 69
[602] debug @0.565968> [hit #4] coming in main before in /Users/harshal/dev/Dancer-App-CRM/lib/Dancer/App/CRM/Base.pm l. 69
[1836] debug @0.000016> [hit #1]coming in main before in /Users/harshal/Developments/Projects/Dancer-App-CRM/lib/Dancer/App/CRM/Base.pm l. 69
[1836] debug @0.001932> [hit #2]coming in main before in /Users/harshal/Developments/Projects/Dancer-App-CRM/lib/Dancer/App/CRM/Base.pm l. 69
[1836] debug @0.003658> [hit #3]coming in main before in /Users/harshal/Developments/Projects/Dancer-App-CRM/lib/Dancer/App/CRM/Base.pm l. 69
[1836] debug @0.005290> [hit #4]coming in main before in /Users/harshal/Developments/Projects/Dancer-App-CRM/lib/Dancer/App/CRM/Base.pm l. 69
[1845] debug @0.000015> [hit #1]coming in main before in /Users/harshal/Developments/Projects/Dancer-App-CRM/lib/Dancer/App/CRM/Base.pm l. 69
[1845] debug @0.002053> [hit #2]coming in main before in /Users/harshal/Developments/Projects/Dancer-App-CRM/lib/Dancer/App/CRM/Base.pm l. 69
[1845] debug @0.003703> [hit #3]coming in main before in /Users/harshal/Developments/Projects/Dancer-App-CRM/lib/Dancer/App/CRM/Base.pm l. 69
[1845] debug @0.004961> [hit #4]coming in main before in /Users/harshal/Developments/Projects/Dancer-App-CRM/lib/Dancer/App/CRM/Base.pm l. 69
[1848] debug @0.000016> [hit #1]coming in main before in /Users/harshal/Developments/Projects/Dancer-App-CRM/lib/Dancer/App/CRM/Base.pm l. 69
[1848] debug @0.001985> [hit #2]coming in main before in /Users/harshal/Developments/Projects/Dancer-App-CRM/lib/Dancer/App/CRM/Base.pm l. 69
[1848] debug @0.003543> [hit #3]coming in main before in /Users/harshal/Developments/Projects/Dancer-App-CRM/lib/Dancer/App/CRM/Base.pm l. 69
[1976] debug @0.000016> [hit #1]coming in main before in /Users/harshal/Developments/Projects/Dancer-App-CRM/lib/Dancer/App/CRM/Base.pm l. 69
[1976] debug @0.001921> [hit #2]coming in main before in /Users/harshal/Developments/Projects/Dancer-App-CRM/lib/Dancer/App/CRM/Base.pm l. 69
[1976] debug @0.003625> [hit #3]coming in main before in /Users/harshal/Developments/Projects/Dancer-App-CRM/lib/Dancer/App/CRM/Base.pm l. 69
[2003] debug @0.000015> [hit #1]coming in main before in /Users/harshal/Developments/Projects/Dancer-App-CRM/lib/Dancer/App/CRM/Base.pm l. 69
[2003] debug @0.001604> [hit #2]coming in main before in /Users/harshal/Developments/Projects/Dancer-App-CRM/lib/Dancer/App/CRM/Base.pm l. 69
[2003] debug @0.002981> [hit #3]coming in main before in /Users/harshal/Developments/Projects/Dancer-App-CRM/lib/Dancer/App/CRM/Base.pm l. 69
[2033] debug @0.000016> [hit #1]coming in main before in /Users/harshal/Developments/Projects/Dancer-App-CRM/lib/Dancer/App/CRM/Base.pm l. 69
[2033] debug @0.001625> [hit #2]coming in main before in /Users/harshal/Developments/Projects/Dancer-App-CRM/lib/Dancer/App/CRM/Base.pm l. 69
[2033] debug @0.003039> [hit #3]coming in main before in /Users/harshal/Developments/Projects/Dancer-App-CRM/lib/Dancer/App/CRM/Base.pm l. 69
[2033] debug @1.111271> [hit #4]coming in main before in /Users/harshal/Developments/Projects/Dancer-App-CRM/lib/Dancer/App/CRM/Base.pm l. 69
[2243] debug @0.000016> [hit #1]coming in main before in /Users/harshal/Developments/Projects/Dancer-App-CRM/lib/Dancer/App/CRM/Base.pm l. 69
[2243] debug @0.001971> [hit #2]coming in main before in /Users/harshal/Developments/Projects/Dancer-App-CRM/lib/Dancer/App/CRM/Base.pm l. 69
[2243] debug @0.003457> [hit #3]coming in main before in /Users/harshal/Developments/Projects/Dancer-App-CRM/lib/Dancer/App/CRM/Base.pm l. 69
[2243] debug @0.812820> [hit #4]coming in main before in /Users/harshal/Developments/Projects/Dancer-App-CRM/lib/Dancer/App/CRM/Base.pm l. 69
[2933] debug @0.000016> [hit #1]coming in main before in /Users/harshal/Developments/Projects/Dancer-App-CRM/lib/Dancer/App/CRM/Base.pm l. 69
[2933] debug @0.002086> [hit #2]coming in main before in /Users/harshal/Developments/Projects/Dancer-App-CRM/lib/Dancer/App/CRM/Base.pm l. 69
[2933] debug @0.003804> [hit #3]coming in main before in /Users/harshal/Developments/Projects/Dancer-App-CRM/lib/Dancer/App/CRM/Base.pm l. 69
[2933] debug @0.877896> [hit #4]coming in main before in /Users/harshal/Developments/Projects/Dancer-App-CRM/lib/Dancer/App/CRM/Base.pm l. 69
[3263] debug @0.000016> [hit #1]coming in main before in /Users/harshal/Developments/Projects/Dancer-App-CRM/lib/Dancer/App/CRM/Base.pm l. 69
[3263] debug @0.002090> [hit #2]coming in main before in /Users/harshal/Developments/Projects/Dancer-App-CRM/lib/Dancer/App/CRM/Base.pm l. 69
[3263] debug @0.003924> [hit #3]coming in main before in /Users/harshal/Developments/Projects/Dancer-App-CRM/lib/Dancer/App/CRM/Base.pm l. 69
[3336] debug @0.000016> [hit #1]coming in main before in /Users/harshal/Developments/Projects/Dancer-App-CRM/lib/Dancer/App/CRM/Base.pm l. 69
[3336] debug @0.001911> [hit #2]coming in main before in /Users/harshal/Developments/Projects/Dancer-App-CRM/lib/Dancer/App/CRM/Base.pm l. 69
[3336] debug @0.003608> [hit #3]coming in main before in /Users/harshal/Developments/Projects/Dancer-App-CRM/lib/Dancer/App/CRM/Base.pm l. 69
[3421] debug @0.000015> [hit #1]coming in main before in /Users/harshal/Developments/Projects/Dancer-App-CRM/lib/Dancer/App/CRM/Base.pm l. 69
[3421] debug @0.739259> [hit #2]coming in main before in /Users/harshal/Developments/Projects/Dancer-App-CRM/lib/Dancer/App/CRM/Base.pm l. 69
[3421] debug @0.741004> [hit #3]coming in main before in /Users/harshal/Developments/Projects/Dancer-App-CRM/lib/Dancer/App/CRM/Base.pm l. 69
[3429] debug @0.000015> [hit #1]coming in main before in /Users/harshal/Developments/Projects/Dancer-App-CRM/lib/Dancer/App/CRM/Base.pm l. 69
[3429] debug @0.811585> [hit #2]coming in main before in /Users/harshal/Developments/Projects/Dancer-App-CRM/lib/Dancer/App/CRM/Base.pm l. 69
[3429] debug @0.813204> [hit #3]coming in main before in /Users/harshal/Developments/Projects/Dancer-App-CRM/lib/Dancer/App/CRM/Base.pm l. 69
[3429] debug @0.877554> [hit #4]coming in main before in /Users/harshal/Developments/Projects/Dancer-App-CRM/lib/Dancer/App/CRM/Base.pm l. 69
[3432] debug @0.000015> [hit #1]coming in main before in /Users/harshal/Developments/Projects/Dancer-App-CRM/lib/Dancer/App/CRM/Base.pm l. 69
[3432] debug @0.738680> [hit #2]coming in main before in /Users/harshal/Developments/Projects/Dancer-App-CRM/lib/Dancer/App/CRM/Base.pm l. 69
[3432] debug @0.740622> [hit #3]coming in main before in /Users/harshal/Developments/Projects/Dancer-App-CRM/lib/Dancer/App/CRM/Base.pm l. 69
[3432] debug @0.802117> [hit #4]coming in main before in /Users/harshal/Developments/Projects/Dancer-App-CRM/lib/Dancer/App/CRM/Base.pm l. 69
[3440] debug @0.000015> [hit #1]coming in main before in /Users/harshal/Developments/Projects/Dancer-App-CRM/lib/Dancer/App/CRM/Base.pm l. 69
[3440] debug @0.739134> [hit #2]coming in main before in /Users/harshal/Developments/Projects/Dancer-App-CRM/lib/Dancer/App/CRM/Base.pm l. 69
[3440] debug @0.740746> [hit #3]coming in main before in /Users/harshal/Developments/Projects/Dancer-App-CRM/lib/Dancer/App/CRM/Base.pm l. 69
[3443] debug @0.000015> [hit #1]coming in main before in /Users/harshal/Developments/Projects/Dancer-App-CRM/lib/Dancer/App/CRM/Base.pm l. 69
[3443] debug @0.741206> [hit #2]coming in main before in /Users/harshal/Developments/Projects/Dancer-App-CRM/lib/Dancer/App/CRM/Base.pm l. 69
[3443] debug @0.742724> [hit #3]coming in main before in /Users/harshal/Developments/Projects/Dancer-App-CRM/lib/Dancer/App/CRM/Base.pm l. 69
[3457] debug @0.000015> [hit #1]coming in main before in /Users/harshal/Developments/Projects/Dancer-App-CRM/lib/Dancer/App/CRM/Base.pm l. 69
[3457] debug @0.814994> [hit #2]coming in main before in /Users/harshal/Developments/Projects/Dancer-App-CRM/lib/Dancer/App/CRM/Base.pm l. 69
[3457] debug @0.816710> [hit #3]coming in main before in /Users/harshal/Developments/Projects/Dancer-App-CRM/lib/Dancer/App/CRM/Base.pm l. 69
[3457] debug @0.876001> [hit #4]coming in main before in /Users/harshal/Developments/Projects/Dancer-App-CRM/lib/Dancer/App/CRM/Base.pm l. 69
[3460] debug @0.000015> [hit #1]coming in main before in /Users/harshal/Developments/Projects/Dancer-App-CRM/lib/Dancer/App/CRM/Base.pm l. 69
[3460] debug @0.739859> [hit #2]coming in main before in /Users/harshal/Developments/Projects/Dancer-App-CRM/lib/Dancer/App/CRM/Base.pm l. 69
[3460] debug @0.741478> [hit #3]coming in main before in /Users/harshal/Developments/Projects/Dancer-App-CRM/lib/Dancer/App/CRM/Base.pm l. 69
[3460] debug @0.802677> [hit #4]coming in main before in /Users/harshal/Developments/Projects/Dancer-App-CRM/lib/Dancer/App/CRM/Base.pm l. 69
[3463] debug @0.000016> [hit #1]coming in main before in /Users/harshal/Developments/Projects/Dancer-App-CRM/lib/Dancer/App/CRM/Base.pm l. 69
[3463] debug @0.741192> [hit #2]coming in main before in /Users/harshal/Developments/Projects/Dancer-App-CRM/lib/Dancer/App/CRM/Base.pm l. 69
[3463] debug @0.742925> [hit #3]coming in main before in /Users/harshal/Developments/Projects/Dancer-App-CRM/lib/Dancer/App/CRM/Base.pm l. 69
[3463] debug @0.832511> [hit #4]coming in main before in /Users/harshal/Developments/Projects/Dancer-App-CRM/lib/Dancer/App/CRM/Base.pm l. 69
[3466] debug @0.000015> [hit #1]coming in main before in /Users/harshal/Developments/Projects/Dancer-App-CRM/lib/Dancer/App/CRM/Base.pm l. 69
[3466] debug @0.742061> [hit #2]coming in main before in /Users/harshal/Developments/Projects/Dancer-App-CRM/lib/Dancer/App/CRM/Base.pm l. 69
[3466] debug @0.744012> [hit #3]coming in main before in /Users/harshal/Developments/Projects/Dancer-App-CRM/lib/Dancer/App/CRM/Base.pm l. 69
[3466] debug @0.807831> [hit #4]coming in main before in /Users/harshal/Developments/Projects/Dancer-App-CRM/lib/Dancer/App/CRM/Base.pm l. 69
[3471] debug @0.000015> [hit #1]coming in main before in /Users/harshal/Developments/Projects/Dancer-App-CRM/lib/Dancer/App/CRM/Base.pm l. 69
[3471] debug @0.740153> [hit #2]coming in main before in /Users/harshal/Developments/Projects/Dancer-App-CRM/lib/Dancer/App/CRM/Base.pm l. 69
[3471] debug @0.741791> [hit #3]coming in main before in /Users/harshal/Developments/Projects/Dancer-App-CRM/lib/Dancer/App/CRM/Base.pm l. 69
[3471] debug @0.802700> [hit #4]coming in main before in /Users/harshal/Developments/Projects/Dancer-App-CRM/lib/Dancer/App/CRM/Base.pm l. 69
[3474] debug @0.000017> [hit #1]coming in main before in /Users/harshal/Developments/Projects/Dancer-App-CRM/lib/Dancer/App/CRM/Base.pm l. 69
[3474] debug @0.746172> [hit #2]coming in main before in /Users/harshal/Developments/Projects/Dancer-App-CRM/lib/Dancer/App/CRM/Base.pm l. 69
[3474] debug @0.747927> [hit #3]coming in main before in /Users/harshal/Developments/Projects/Dancer-App-CRM/lib/Dancer/App/CRM/Base.pm l. 69
[3474] debug @0.811102> [hit #4]coming in main before in /Users/harshal/Developments/Projects/Dancer-App-CRM/lib/Dancer/App/CRM/Base.pm l. 69
[407] debug @0.000010> [hit #1] coming in main before in /Users/harshal/dev/Dancer-App-CRM/lib/Dancer/App/CRM/Base.pm l. 69
[407] debug @0.953909> [hit #2] coming in main before in /Users/harshal/dev/Dancer-App-CRM/lib/Dancer/App/CRM/Base.pm l. 69
[407] debug @0.954987> [hit #3] coming in main before in /Users/harshal/dev/Dancer-App-CRM/lib/Dancer/App/CRM/Base.pm l. 69
[407] debug @1.125677> [hit #4] coming in main before in /Users/harshal/dev/Dancer-App-CRM/lib/Dancer/App/CRM/Base.pm l. 69
[425] debug @0.000009> [hit #1] coming in main before in /Users/harshal/dev/Dancer-App-CRM/lib/Dancer/App/CRM/Base.pm l. 69
[425] debug @0.528839> [hit #2] coming in main before in /Users/harshal/dev/Dancer-App-CRM/lib/Dancer/App/CRM/Base.pm l. 69
[425] debug @0.529926> [hit #3] coming in main before in /Users/harshal/dev/Dancer-App-CRM/lib/Dancer/App/CRM/Base.pm l. 69
[425] debug @0.571755> [hit #4] coming in main before in /Users/harshal/dev/Dancer-App-CRM/lib/Dancer/App/CRM/Base.pm l. 69
[428] debug @0.000010> [hit #1] coming in main before in /Users/harshal/dev/Dancer-App-CRM/lib/Dancer/App/CRM/Base.pm l. 69
[428] debug @0.526087> [hit #2] coming in main before in /Users/harshal/dev/Dancer-App-CRM/lib/Dancer/App/CRM/Base.pm l. 69
[428] debug @0.527119> [hit #3] coming in main before in /Users/harshal/dev/Dancer-App-CRM/lib/Dancer/App/CRM/Base.pm l. 69
[428] debug @0.564019> [hit #4] coming in main before in /Users/harshal/dev/Dancer-App-CRM/lib/Dancer/App/CRM/Base.pm l. 69
[432] debug @0.000010> [hit #1] coming in main before in /Users/harshal/dev/Dancer-App-CRM/lib/Dancer/App/CRM/Base.pm l. 69
[432] debug @0.525461> [hit #2] coming in main before in /Users/harshal/dev/Dancer-App-CRM/lib/Dancer/App/CRM/Base.pm l. 69
[432] debug @0.526458> [hit #3] coming in main before in /Users/harshal/dev/Dancer-App-CRM/lib/Dancer/App/CRM/Base.pm l. 69
[432] debug @0.563092> [hit #4] coming in main before in /Users/harshal/dev/Dancer-App-CRM/lib/Dancer/App/CRM/Base.pm l. 69
[435] debug @0.000010> [hit #1] coming in main before in /Users/harshal/dev/Dancer-App-CRM/lib/Dancer/App/CRM/Base.pm l. 69
[435] debug @0.549952> [hit #2] coming in main before in /Users/harshal/dev/Dancer-App-CRM/lib/Dancer/App/CRM/Base.pm l. 69
[435] debug @0.550942> [hit #3] coming in main before in /Users/harshal/dev/Dancer-App-CRM/lib/Dancer/App/CRM/Base.pm l. 69
[435] debug @0.587744> [hit #4] coming in main before in /Users/harshal/dev/Dancer-App-CRM/lib/Dancer/App/CRM/Base.pm l. 69
[439] debug @0.000010> [hit #1] coming in main before in /Users/harshal/dev/Dancer-App-CRM/lib/Dancer/App/CRM/Base.pm l. 69
[439] debug @0.527399> [hit #2] coming in main before in /Users/harshal/dev/Dancer-App-CRM/lib/Dancer/App/CRM/Base.pm l. 69
[439] debug @0.528424> [hit #3] coming in main before in /Users/harshal/dev/Dancer-App-CRM/lib/Dancer/App/CRM/Base.pm l. 69
[439] debug @0.566013> [hit #4] coming in main before in /Users/harshal/dev/Dancer-App-CRM/lib/Dancer/App/CRM/Base.pm l. 69
[443] debug @0.000010> [hit #1] coming in main before in /Users/harshal/dev/Dancer-App-CRM/lib/Dancer/App/CRM/Base.pm l. 69
[443] debug @0.526674> [hit #2] coming in main before in /Users/harshal/dev/Dancer-App-CRM/lib/Dancer/App/CRM/Base.pm l. 69
[443] debug @0.527684> [hit #3] coming in main before in /Users/harshal/dev/Dancer-App-CRM/lib/Dancer/App/CRM/Base.pm l. 69
[443] debug @0.564992> [hit #4] coming in main before in /Users/harshal/dev/Dancer-App-CRM/lib/Dancer/App/CRM/Base.pm l. 69
[449] debug @0.000010> [hit #1] coming in main before in /Users/harshal/dev/Dancer-App-CRM/lib/Dancer/App/CRM/Base.pm l. 69
[449] debug @0.526224> [hit #2] coming in main before in /Users/harshal/dev/Dancer-App-CRM/lib/Dancer/App/CRM/Base.pm l. 69
[449] debug @0.527260> [hit #3] coming in main before in /Users/harshal/dev/Dancer-App-CRM/lib/Dancer/App/CRM/Base.pm l. 69
[449] debug @0.565355> [hit #4] coming in main before in /Users/harshal/dev/Dancer-App-CRM/lib/Dancer/App/CRM/Base.pm l. 69
[453] debug @0.000009> [hit #1] coming in main before in /Users/harshal/dev/Dancer-App-CRM/lib/Dancer/App/CRM/Base.pm l. 69
[453] debug @0.528008> [hit #2] coming in main before in /Users/harshal/dev/Dancer-App-CRM/lib/Dancer/App/CRM/Base.pm l. 69
[453] debug @0.529033> [hit #3] coming in main before in /Users/harshal/dev/Dancer-App-CRM/lib/Dancer/App/CRM/Base.pm l. 69
[453] debug @0.566659> [hit #4] coming in main before in /Users/harshal/dev/Dancer-App-CRM/lib/Dancer/App/CRM/Base.pm l. 69
[459] debug @0.000011> [hit #1] coming in main before in /Users/harshal/dev/Dancer-App-CRM/lib/Dancer/App/CRM/Base.pm l. 69
[465] debug @0.000010> [hit #1] coming in main before in /Users/harshal/dev/Dancer-App-CRM/lib/Dancer/App/CRM/Base.pm l. 69
[465] debug @0.527673> [hit #2] coming in main before in /Users/harshal/dev/Dancer-App-CRM/lib/Dancer/App/CRM/Base.pm l. 69
[465] debug @0.528744> [hit #3] coming in main before in /Users/harshal/dev/Dancer-App-CRM/lib/Dancer/App/CRM/Base.pm l. 69
[465] debug @0.529305> [hit #4] coming in main before in /Users/harshal/dev/Dancer-App-CRM/lib/Dancer/App/CRM/Base.pm l. 69
[468] debug @0.000010> [hit #1] coming in main before in /Users/harshal/dev/Dancer-App-CRM/lib/Dancer/App/CRM/Base.pm l. 69
[468] debug @0.528071> [hit #2] coming in main before in /Users/harshal/dev/Dancer-App-CRM/lib/Dancer/App/CRM/Base.pm l. 69
[468] debug @0.529138> [hit #3] coming in main before in /Users/harshal/dev/Dancer-App-CRM/lib/Dancer/App/CRM/Base.pm l. 69
[468] debug @0.529983> [hit #4] coming in main before in /Users/harshal/dev/Dancer-App-CRM/lib/Dancer/App/CRM/Base.pm l. 69
[472] debug @0.000009> [hit #1] coming in main before in /Users/harshal/dev/Dancer-App-CRM/lib/Dancer/App/CRM/Base.pm l. 69
[472] debug @0.595316> [hit #2] coming in main before in /Users/harshal/dev/Dancer-App-CRM/lib/Dancer/App/CRM/Base.pm l. 69
[472] debug @0.596389> [hit #3] coming in main before in /Users/harshal/dev/Dancer-App-CRM/lib/Dancer/App/CRM/Base.pm l. 69
[472] debug @0.597239> [hit #4] coming in main before in /Users/harshal/dev/Dancer-App-CRM/lib/Dancer/App/CRM/Base.pm l. 69
[476] debug @0.000011> [hit #1] coming in main before in /Users/harshal/dev/Dancer-App-CRM/lib/Dancer/App/CRM/Base.pm l. 69
[476] debug @0.528406> [hit #2] coming in main before in /Users/harshal/dev/Dancer-App-CRM/lib/Dancer/App/CRM/Base.pm l. 69
[476] debug @0.529471> [hit #3] coming in main before in /Users/harshal/dev/Dancer-App-CRM/lib/Dancer/App/CRM/Base.pm l. 69
[476] debug @0.530334> [hit #4] coming in main before in /Users/harshal/dev/Dancer-App-CRM/lib/Dancer/App/CRM/Base.pm l. 69
[483] debug @0.000010> [hit #1] coming in main before in /Users/harshal/dev/Dancer-App-CRM/lib/Dancer/App/CRM/Base.pm l. 69
[483] debug @0.525494> [hit #1] coming here in /Users/harshal/dev/Dancer-App-CRM/t/lib/TestApp.pm l. 28
[483] debug @0.526720> [hit #2] coming in main before in /Users/harshal/dev/Dancer-App-CRM/lib/Dancer/App/CRM/Base.pm l. 69
[483] debug @0.526856> [hit #2] coming here in /Users/harshal/dev/Dancer-App-CRM/t/lib/TestApp.pm l. 28
[483] debug @0.527868> [hit #3] coming in main before in /Users/harshal/dev/Dancer-App-CRM/lib/Dancer/App/CRM/Base.pm l. 69
[483] debug @0.527954> [hit #3] coming here in /Users/harshal/dev/Dancer-App-CRM/t/lib/TestApp.pm l. 28
[483] debug @0.528776> [hit #4] coming in main before in /Users/harshal/dev/Dancer-App-CRM/lib/Dancer/App/CRM/Base.pm l. 69
[483] debug @0.528854> [hit #4] coming here in /Users/harshal/dev/Dancer-App-CRM/t/lib/TestApp.pm l. 28
[492] debug @0.000010> [hit #1] coming in main before in /Users/harshal/dev/Dancer-App-CRM/lib/Dancer/App/CRM/Base.pm l. 69
[492] debug @0.527424> [hit #2] coming in main before in /Users/harshal/dev/Dancer-App-CRM/lib/Dancer/App/CRM/Base.pm l. 69
[492] debug @0.528500> [hit #3] coming in main before in /Users/harshal/dev/Dancer-App-CRM/lib/Dancer/App/CRM/Base.pm l. 69
[492] debug @0.529389> [hit #4] coming in main before in /Users/harshal/dev/Dancer-App-CRM/lib/Dancer/App/CRM/Base.pm l. 69
[496] debug @0.000010> [hit #1] coming in main before in /Users/harshal/dev/Dancer-App-CRM/lib/Dancer/App/CRM/Base.pm l. 69
[496] debug @0.527170> [hit #2] coming in main before in /Users/harshal/dev/Dancer-App-CRM/lib/Dancer/App/CRM/Base.pm l. 69
[496] debug @0.528244> [hit #3] coming in main before in /Users/harshal/dev/Dancer-App-CRM/lib/Dancer/App/CRM/Base.pm l. 69
[496] debug @0.529312> [hit #4] coming in main before in /Users/harshal/dev/Dancer-App-CRM/lib/Dancer/App/CRM/Base.pm l. 69
[499] debug @0.000010> [hit #1] coming in main before in /Users/harshal/dev/Dancer-App-CRM/lib/Dancer/App/CRM/Base.pm l. 69
[499] debug @0.528403> [hit #2] coming in main before in /Users/harshal/dev/Dancer-App-CRM/lib/Dancer/App/CRM/Base.pm l. 69
[499] debug @0.529495> [hit #3] coming in main before in /Users/harshal/dev/Dancer-App-CRM/lib/Dancer/App/CRM/Base.pm l. 69
[499] debug @0.530579> [hit #4] coming in main before in /Users/harshal/dev/Dancer-App-CRM/lib/Dancer/App/CRM/Base.pm l. 69
[503] debug @0.000009> [hit #1] coming in main before in /Users/harshal/dev/Dancer-App-CRM/lib/Dancer/App/CRM/Base.pm l. 69
[503] debug @0.527527> [hit #2] coming in main before in /Users/harshal/dev/Dancer-App-CRM/lib/Dancer/App/CRM/Base.pm l. 69
[503] debug @0.528664> [hit #3] coming in main before in /Users/harshal/dev/Dancer-App-CRM/lib/Dancer/App/CRM/Base.pm l. 69
[503] debug @0.529723> [hit #4] coming in main before in /Users/harshal/dev/Dancer-App-CRM/lib/Dancer/App/CRM/Base.pm l. 69
[507] debug @0.000010> [hit #1] coming in main before in /Users/harshal/dev/Dancer-App-CRM/lib/Dancer/App/CRM/Base.pm l. 69
[507] debug @0.529876> [hit #2] coming in main before in /Users/harshal/dev/Dancer-App-CRM/lib/Dancer/App/CRM/Base.pm l. 69
[507] debug @0.531040> [hit #3] coming in main before in /Users/harshal/dev/Dancer-App-CRM/lib/Dancer/App/CRM/Base.pm l. 69
[510] debug @0.000010> [hit #1] coming in main before in /Users/harshal/dev/Dancer-App-CRM/lib/Dancer/App/CRM/Base.pm l. 69
[510] debug @0.641180> [hit #2] coming in main before in /Users/harshal/dev/Dancer-App-CRM/lib/Dancer/App/CRM/Base.pm l. 69
[510] debug @0.642328> [hit #3] coming in main before in /Users/harshal/dev/Dancer-App-CRM/lib/Dancer/App/CRM/Base.pm l. 69
[510] debug @0.643419> [hit #4] coming in main before in /Users/harshal/dev/Dancer-App-CRM/lib/Dancer/App/CRM/Base.pm l. 69
[513] debug @0.000010> [hit #1] coming in main before in /Users/harshal/dev/Dancer-App-CRM/lib/Dancer/App/CRM/Base.pm l. 69
[513] debug @0.528884> [hit #2] coming in main before in /Users/harshal/dev/Dancer-App-CRM/lib/Dancer/App/CRM/Base.pm l. 69
[513] debug @0.530024> [hit #3] coming in main before in /Users/harshal/dev/Dancer-App-CRM/lib/Dancer/App/CRM/Base.pm l. 69
[513] debug @0.531088> [hit #4] coming in main before in /Users/harshal/dev/Dancer-App-CRM/lib/Dancer/App/CRM/Base.pm l. 69
[516] debug @0.000010> [hit #1] coming in main before in /Users/harshal/dev/Dancer-App-CRM/lib/Dancer/App/CRM/Base.pm l. 69
[516] debug @0.525945> [hit #2] coming in main before in /Users/harshal/dev/Dancer-App-CRM/lib/Dancer/App/CRM/Base.pm l. 69
[516] debug @0.527086> [hit #3] coming in main before in /Users/harshal/dev/Dancer-App-CRM/lib/Dancer/App/CRM/Base.pm l. 69
[516] debug @0.528149> [hit #4] coming in main before in /Users/harshal/dev/Dancer-App-CRM/lib/Dancer/App/CRM/Base.pm l. 69
[520] debug @0.000010> [hit #1] coming in main before in /Users/harshal/dev/Dancer-App-CRM/lib/Dancer/App/CRM/Base.pm l. 69
[520] debug @0.526384> [hit #2] coming in main before in /Users/harshal/dev/Dancer-App-CRM/lib/Dancer/App/CRM/Base.pm l. 69
[520] debug @0.527529> [hit #3] coming in main before in /Users/harshal/dev/Dancer-App-CRM/lib/Dancer/App/CRM/Base.pm l. 69
[520] debug @0.528596> [hit #4] coming in main before in /Users/harshal/dev/Dancer-App-CRM/lib/Dancer/App/CRM/Base.pm l. 69
[523] debug @0.000010> [hit #1] coming in main before in /Users/harshal/dev/Dancer-App-CRM/lib/Dancer/App/CRM/Base.pm l. 69
[523] debug @0.526686> [hit #2] coming in main before in /Users/harshal/dev/Dancer-App-CRM/lib/Dancer/App/CRM/Base.pm l. 69
[523] debug @0.527810> [hit #3] coming in main before in /Users/harshal/dev/Dancer-App-CRM/lib/Dancer/App/CRM/Base.pm l. 69
[523] debug @0.528876> [hit #4] coming in main before in /Users/harshal/dev/Dancer-App-CRM/lib/Dancer/App/CRM/Base.pm l. 69
[527] debug @0.000009> [hit #1] coming in main before in /Users/harshal/dev/Dancer-App-CRM/lib/Dancer/App/CRM/Base.pm l. 69
[527] debug @0.527458> [hit #2] coming in main before in /Users/harshal/dev/Dancer-App-CRM/lib/Dancer/App/CRM/Base.pm l. 69
[527] debug @0.528474> [hit #3] coming in main before in /Users/harshal/dev/Dancer-App-CRM/lib/Dancer/App/CRM/Base.pm l. 69
[530] debug @0.000011> [hit #1] coming in main before in /Users/harshal/dev/Dancer-App-CRM/lib/Dancer/App/CRM/Base.pm l. 69
[530] debug @0.526611> [hit #2] coming in main before in /Users/harshal/dev/Dancer-App-CRM/lib/Dancer/App/CRM/Base.pm l. 69
[530] debug @0.527696> [hit #3] coming in main before in /Users/harshal/dev/Dancer-App-CRM/lib/Dancer/App/CRM/Base.pm l. 69
[537] debug @0.000011> [hit #1] coming in main before in /Users/harshal/dev/Dancer-App-CRM/lib/Dancer/App/CRM/Base.pm l. 69
[537] debug @0.532692> [hit #2] coming in main before in /Users/harshal/dev/Dancer-App-CRM/lib/Dancer/App/CRM/Base.pm l. 69
[537] debug @0.533797> [hit #3] coming in main before in /Users/harshal/dev/Dancer-App-CRM/lib/Dancer/App/CRM/Base.pm l. 69
[546] debug @0.000010> [hit #1] coming in main before in /Users/harshal/dev/Dancer-App-CRM/lib/Dancer/App/CRM/Base.pm l. 69
[546] debug @0.527649> [hit #2] coming in main before in /Users/harshal/dev/Dancer-App-CRM/lib/Dancer/App/CRM/Base.pm l. 69
[546] debug @0.528743> [hit #3] coming in main before in /Users/harshal/dev/Dancer-App-CRM/lib/Dancer/App/CRM/Base.pm l. 69
[549] debug @0.000010> [hit #1] coming in main before in /Users/harshal/dev/Dancer-App-CRM/lib/Dancer/App/CRM/Base.pm l. 69
[549] debug @0.526615> [hit #2] coming in main before in /Users/harshal/dev/Dancer-App-CRM/lib/Dancer/App/CRM/Base.pm l. 69
[549] debug @0.527987> [hit #3] coming in main before in /Users/harshal/dev/Dancer-App-CRM/lib/Dancer/App/CRM/Base.pm l. 69
[552] debug @0.000011> [hit #1] coming in main before in /Users/harshal/dev/Dancer-App-CRM/lib/Dancer/App/CRM/Base.pm l. 69
[552] debug @0.525971> [hit #2] coming in main before in /Users/harshal/dev/Dancer-App-CRM/lib/Dancer/App/CRM/Base.pm l. 69
[552] debug @0.527097> [hit #3] coming in main before in /Users/harshal/dev/Dancer-App-CRM/lib/Dancer/App/CRM/Base.pm l. 69
[559] debug @0.000010> [hit #1] coming in main before in /Users/harshal/dev/Dancer-App-CRM/lib/Dancer/App/CRM/Base.pm l. 69
[559] debug @0.528279> [hit #2] coming in main before in /Users/harshal/dev/Dancer-App-CRM/lib/Dancer/App/CRM/Base.pm l. 69
[559] debug @0.529413> [hit #3] coming in main before in /Users/harshal/dev/Dancer-App-CRM/lib/Dancer/App/CRM/Base.pm l. 69
[562] debug @0.000011> [hit #1] coming in main before in /Users/harshal/dev/Dancer-App-CRM/lib/Dancer/App/CRM/Base.pm l. 69
[562] debug @0.526617> [hit #2] coming in main before in /Users/harshal/dev/Dancer-App-CRM/lib/Dancer/App/CRM/Base.pm l. 69
[562] debug @0.527767> [hit #3] coming in main before in /Users/harshal/dev/Dancer-App-CRM/lib/Dancer/App/CRM/Base.pm l. 69
[565] debug @0.000009> [hit #1] coming in main before in /Users/harshal/dev/Dancer-App-CRM/lib/Dancer/App/CRM/Base.pm l. 69
[565] debug @0.526519> [hit #2] coming in main before in /Users/harshal/dev/Dancer-App-CRM/lib/Dancer/App/CRM/Base.pm l. 69
[565] debug @0.527634> [hit #3] coming in main before in /Users/harshal/dev/Dancer-App-CRM/lib/Dancer/App/CRM/Base.pm l. 69
[571] debug @0.000010> [hit #1] coming in main before in /Users/harshal/dev/Dancer-App-CRM/lib/Dancer/App/CRM/Base.pm l. 69
[571] debug @0.565506> [hit #2] coming in main before in /Users/harshal/dev/Dancer-App-CRM/lib/Dancer/App/CRM/Base.pm l. 69
[571] debug @0.566657> [hit #3] coming in main before in /Users/harshal/dev/Dancer-App-CRM/lib/Dancer/App/CRM/Base.pm l. 69
[574] debug @0.000010> [hit #1] coming in main before in /Users/harshal/dev/Dancer-App-CRM/lib/Dancer/App/CRM/Base.pm l. 69
[574] debug @0.476595> [hit #2] coming in main before in /Users/harshal/dev/Dancer-App-CRM/lib/Dancer/App/CRM/Base.pm l. 69
[574] debug @0.481737> [hit #3] coming in main before in /Users/harshal/dev/Dancer-App-CRM/lib/Dancer/App/CRM/Base.pm l. 69
[578] debug @0.000009> [hit #1] coming in main before in /Users/harshal/dev/Dancer-App-CRM/lib/Dancer/App/CRM/Base.pm l. 69
[578] debug @0.526639> [hit #2] coming in main before in /Users/harshal/dev/Dancer-App-CRM/lib/Dancer/App/CRM/Base.pm l. 69
[578] debug @0.527775> [hit #3] coming in main before in /Users/harshal/dev/Dancer-App-CRM/lib/Dancer/App/CRM/Base.pm l. 69
[266] debug @0.000011> [hit #1] coming in main before in /Users/harshal/dev/Dancer-App-CRM/lib/Dancer/App/CRM/Base.pm l. 69
[266] debug @1.586582> [hit #2] coming in main before in /Users/harshal/dev/Dancer-App-CRM/lib/Dancer/App/CRM/Base.pm l. 69
[266] debug @1.587669> [hit #3] coming in main before in /Users/harshal/dev/Dancer-App-CRM/lib/Dancer/App/CRM/Base.pm l. 69
[270] debug @0.000010> [hit #1] coming in main before in /Users/harshal/dev/Dancer-App-CRM/lib/Dancer/App/CRM/Base.pm l. 69
[270] debug @0.529606> [hit #2] coming in main before in /Users/harshal/dev/Dancer-App-CRM/lib/Dancer/App/CRM/Base.pm l. 69
[270] debug @0.530694> [hit #3] coming in main before in /Users/harshal/dev/Dancer-App-CRM/lib/Dancer/App/CRM/Base.pm l. 69
[274] debug @0.000010> [hit #1] coming in main before in /Users/harshal/dev/Dancer-App-CRM/lib/Dancer/App/CRM/Base.pm l. 69
[274] debug @0.528379> [hit #2] coming in main before in /Users/harshal/dev/Dancer-App-CRM/lib/Dancer/App/CRM/Base.pm l. 69
[274] debug @0.529476> [hit #3] coming in main before in /Users/harshal/dev/Dancer-App-CRM/lib/Dancer/App/CRM/Base.pm l. 69
[280] debug @0.000010> [hit #1] coming in main before in /Users/harshal/dev/Dancer-App-CRM/lib/Dancer/App/CRM/Base.pm l. 69
[280] debug @0.527414> [hit #2] coming in main before in /Users/harshal/dev/Dancer-App-CRM/lib/Dancer/App/CRM/Base.pm l. 69
[280] debug @0.528523> [hit #3] coming in main before in /Users/harshal/dev/Dancer-App-CRM/lib/Dancer/App/CRM/Base.pm l. 69
[283] debug @0.000009> [hit #1] coming in main before in /Users/harshal/dev/Dancer-App-CRM/lib/Dancer/App/CRM/Base.pm l. 69
[283] debug @0.529174> [hit #2] coming in main before in /Users/harshal/dev/Dancer-App-CRM/lib/Dancer/App/CRM/Base.pm l. 69
[283] debug @0.530270> [hit #3] coming in main before in /Users/harshal/dev/Dancer-App-CRM/lib/Dancer/App/CRM/Base.pm l. 69
[286] debug @0.000009> [hit #1] coming in main before in /Users/harshal/dev/Dancer-App-CRM/lib/Dancer/App/CRM/Base.pm l. 69
[286] debug @0.530055> [hit #2] coming in main before in /Users/harshal/dev/Dancer-App-CRM/lib/Dancer/App/CRM/Base.pm l. 69
[286] debug @0.531162> [hit #3] coming in main before in /Users/harshal/dev/Dancer-App-CRM/lib/Dancer/App/CRM/Base.pm l. 69
[289] debug @0.000010> [hit #1] coming in main before in /Users/harshal/dev/Dancer-App-CRM/lib/Dancer/App/CRM/Base.pm l. 69
[289] debug @0.529603> [hit #2] coming in main before in /Users/harshal/dev/Dancer-App-CRM/lib/Dancer/App/CRM/Base.pm l. 69
[289] debug @0.530715> [hit #3] coming in main before in /Users/harshal/dev/Dancer-App-CRM/lib/Dancer/App/CRM/Base.pm l. 69
[292] debug @0.000010> [hit #1] coming in main before in /Users/harshal/dev/Dancer-App-CRM/lib/Dancer/App/CRM/Base.pm l. 69
[292] debug @0.528389> [hit #2] coming in main before in /Users/harshal/dev/Dancer-App-CRM/lib/Dancer/App/CRM/Base.pm l. 69
[292] debug @0.529481> [hit #3] coming in main before in /Users/harshal/dev/Dancer-App-CRM/lib/Dancer/App/CRM/Base.pm l. 69
[295] debug @0.000012> [hit #1] coming in main before in /Users/harshal/dev/Dancer-App-CRM/lib/Dancer/App/CRM/Base.pm l. 69
[295] debug @0.528746> [hit #2] coming in main before in /Users/harshal/dev/Dancer-App-CRM/lib/Dancer/App/CRM/Base.pm l. 69
[295] debug @0.530025> [hit #3] coming in main before in /Users/harshal/dev/Dancer-App-CRM/lib/Dancer/App/CRM/Base.pm l. 69
[298] debug @0.000010> [hit #1] coming in main before in /Users/harshal/dev/Dancer-App-CRM/lib/Dancer/App/CRM/Base.pm l. 69
[298] debug @0.531350> [hit #2] coming in main before in /Users/harshal/dev/Dancer-App-CRM/lib/Dancer/App/CRM/Base.pm l. 69
[298] debug @0.532517> [hit #3] coming in main before in /Users/harshal/dev/Dancer-App-CRM/lib/Dancer/App/CRM/Base.pm l. 69
[302] debug @0.000010> [hit #1] coming in main before in /Users/harshal/dev/Dancer-App-CRM/lib/Dancer/App/CRM/Base.pm l. 69
[302] debug @0.529149> [hit #2] coming in main before in /Users/harshal/dev/Dancer-App-CRM/lib/Dancer/App/CRM/Base.pm l. 69
[302] debug @0.530231> [hit #3] coming in main before in /Users/harshal/dev/Dancer-App-CRM/lib/Dancer/App/CRM/Base.pm l. 69
[306] debug @0.000010> [hit #1] coming in main before in /Users/harshal/dev/Dancer-App-CRM/lib/Dancer/App/CRM/Base.pm l. 69
[306] debug @0.624904> [hit #2] coming in main before in /Users/harshal/dev/Dancer-App-CRM/lib/Dancer/App/CRM/Base.pm l. 69
[306] debug @0.626003> [hit #3] coming in main before in /Users/harshal/dev/Dancer-App-CRM/lib/Dancer/App/CRM/Base.pm l. 69
[316] debug @0.000010> [hit #1] coming in main before in /Users/harshal/dev/Dancer-App-CRM/lib/Dancer/App/CRM/Base.pm l. 69
[316] debug @0.529454> [hit #2] coming in main before in /Users/harshal/dev/Dancer-App-CRM/lib/Dancer/App/CRM/Base.pm l. 69
[316] debug @0.530532> [hit #3] coming in main before in /Users/harshal/dev/Dancer-App-CRM/lib/Dancer/App/CRM/Base.pm l. 69
[320] debug @0.000010> [hit #1] coming in main before in /Users/harshal/dev/Dancer-App-CRM/lib/Dancer/App/CRM/Base.pm l. 69
[320] debug @0.528493> [hit #2] coming in main before in /Users/harshal/dev/Dancer-App-CRM/lib/Dancer/App/CRM/Base.pm l. 69
[320] debug @0.529577> [hit #3] coming in main before in /Users/harshal/dev/Dancer-App-CRM/lib/Dancer/App/CRM/Base.pm l. 69
[324] debug @0.000010> [hit #1] coming in main before in /Users/harshal/dev/Dancer-App-CRM/lib/Dancer/App/CRM/Base.pm l. 69
[324] debug @0.529665> [hit #2] coming in main before in /Users/harshal/dev/Dancer-App-CRM/lib/Dancer/App/CRM/Base.pm l. 69
[324] debug @0.530780> [hit #3] coming in main before in /Users/harshal/dev/Dancer-App-CRM/lib/Dancer/App/CRM/Base.pm l. 69
[327] debug @0.000009> [hit #1] coming in main before in /Users/harshal/dev/Dancer-App-CRM/lib/Dancer/App/CRM/Base.pm l. 69
[327] debug @0.528739> [hit #2] coming in main before in /Users/harshal/dev/Dancer-App-CRM/lib/Dancer/App/CRM/Base.pm l. 69
[327] debug @0.529842> [hit #3] coming in main before in /Users/harshal/dev/Dancer-App-CRM/lib/Dancer/App/CRM/Base.pm l. 69
[332] debug @0.000009> [hit #1] coming in main before in /Users/harshal/dev/Dancer-App-CRM/lib/Dancer/App/CRM/Base.pm l. 69
[332] debug @0.625189> [hit #2] coming in main before in /Users/harshal/dev/Dancer-App-CRM/lib/Dancer/App/CRM/Base.pm l. 69
[332] debug @0.626280> [hit #3] coming in main before in /Users/harshal/dev/Dancer-App-CRM/lib/Dancer/App/CRM/Base.pm l. 69
[338] debug @0.000009> [hit #1] coming in main before in /Users/harshal/dev/Dancer-App-CRM/lib/Dancer/App/CRM/Base.pm l. 69
[338] debug @0.531648> [hit #2] coming in main before in /Users/harshal/dev/Dancer-App-CRM/lib/Dancer/App/CRM/Base.pm l. 69
[338] debug @0.532745> [hit #3] coming in main before in /Users/harshal/dev/Dancer-App-CRM/lib/Dancer/App/CRM/Base.pm l. 69
[342] debug @0.000010> [hit #1] coming in main before in /Users/harshal/dev/Dancer-App-CRM/lib/Dancer/App/CRM/Base.pm l. 69
[342] debug @0.532977> [hit #2] coming in main before in /Users/harshal/dev/Dancer-App-CRM/lib/Dancer/App/CRM/Base.pm l. 69
[342] debug @0.534217> [hit #3] coming in main before in /Users/harshal/dev/Dancer-App-CRM/lib/Dancer/App/CRM/Base.pm l. 69
[346] debug @0.000009> [hit #1] coming in main before in /Users/harshal/dev/Dancer-App-CRM/lib/Dancer/App/CRM/Base.pm l. 69
[346] debug @0.528181> [hit #2] coming in main before in /Users/harshal/dev/Dancer-App-CRM/lib/Dancer/App/CRM/Base.pm l. 69
[346] debug @0.529293> [hit #3] coming in main before in /Users/harshal/dev/Dancer-App-CRM/lib/Dancer/App/CRM/Base.pm l. 69
[350] debug @0.000010> [hit #1] coming in main before in /Users/harshal/dev/Dancer-App-CRM/lib/Dancer/App/CRM/Base.pm l. 69
[350] debug @0.623803> [hit #2] coming in main before in /Users/harshal/dev/Dancer-App-CRM/lib/Dancer/App/CRM/Base.pm l. 69
[350] debug @0.624915> [hit #3] coming in main before in /Users/harshal/dev/Dancer-App-CRM/lib/Dancer/App/CRM/Base.pm l. 69
[357] debug @0.000011> [hit #1] coming in main before in /Users/harshal/dev/Dancer-App-CRM/lib/Dancer/App/CRM/Base.pm l. 69
[357] debug @0.529481> [hit #2] coming in main before in /Users/harshal/dev/Dancer-App-CRM/lib/Dancer/App/CRM/Base.pm l. 69
[357] debug @0.530573> [hit #3] coming in main before in /Users/harshal/dev/Dancer-App-CRM/lib/Dancer/App/CRM/Base.pm l. 69
[361] debug @0.000010> [hit #1] coming in main before in /Users/harshal/dev/Dancer-App-CRM/lib/Dancer/App/CRM/Base.pm l. 69
[361] debug @0.529220> [hit #2] coming in main before in /Users/harshal/dev/Dancer-App-CRM/lib/Dancer/App/CRM/Base.pm l. 69
[361] debug @0.530314> [hit #3] coming in main before in /Users/harshal/dev/Dancer-App-CRM/lib/Dancer/App/CRM/Base.pm l. 69
[367] debug @0.000010> [hit #1] coming in main before in /Users/harshal/dev/Dancer-App-CRM/lib/Dancer/App/CRM/Base.pm l. 69
[367] debug @0.529867> [hit #2] coming in main before in /Users/harshal/dev/Dancer-App-CRM/lib/Dancer/App/CRM/Base.pm l. 69
[367] debug @0.530991> [hit #3] coming in main before in /Users/harshal/dev/Dancer-App-CRM/lib/Dancer/App/CRM/Base.pm l. 69
[371] debug @0.000011> [hit #1] coming in main before in /Users/harshal/dev/Dancer-App-CRM/lib/Dancer/App/CRM/Base.pm l. 69
[371] debug @0.530011> [hit #2] coming in main before in /Users/harshal/dev/Dancer-App-CRM/lib/Dancer/App/CRM/Base.pm l. 69
[371] debug @0.531105> [hit #3] coming in main before in /Users/harshal/dev/Dancer-App-CRM/lib/Dancer/App/CRM/Base.pm l. 69
[374] debug @0.000010> [hit #1] coming in main before in /Users/harshal/dev/Dancer-App-CRM/lib/Dancer/App/CRM/Base.pm l. 69
[374] debug @0.528547> [hit #2] coming in main before in /Users/harshal/dev/Dancer-App-CRM/lib/Dancer/App/CRM/Base.pm l. 69
[374] debug @0.529650> [hit #3] coming in main before in /Users/harshal/dev/Dancer-App-CRM/lib/Dancer/App/CRM/Base.pm l. 69
[378] debug @0.000010> [hit #1] coming in main before in /Users/harshal/dev/Dancer-App-CRM/lib/Dancer/App/CRM/Base.pm l. 69
[378] debug @0.529992> [hit #2] coming in main before in /Users/harshal/dev/Dancer-App-CRM/lib/Dancer/App/CRM/Base.pm l. 69
[378] debug @0.531105> [hit #3] coming in main before in /Users/harshal/dev/Dancer-App-CRM/lib/Dancer/App/CRM/Base.pm l. 69
[381] debug @0.000010> [hit #1] coming in main before in /Users/harshal/dev/Dancer-App-CRM/lib/Dancer/App/CRM/Base.pm l. 69
[381] debug @0.528600> [hit #2] coming in main before in /Users/harshal/dev/Dancer-App-CRM/lib/Dancer/App/CRM/Base.pm l. 69
[381] debug @0.529705> [hit #3] coming in main before in /Users/harshal/dev/Dancer-App-CRM/lib/Dancer/App/CRM/Base.pm l. 69
[384] debug @0.000010> [hit #1] coming in main before in /Users/harshal/dev/Dancer-App-CRM/lib/Dancer/App/CRM/Base.pm l. 69
[384] debug @0.528097> [hit #2] coming in main before in /Users/harshal/dev/Dancer-App-CRM/lib/Dancer/App/CRM/Base.pm l. 69
[384] debug @0.529216> [hit #3] coming in main before in /Users/harshal/dev/Dancer-App-CRM/lib/Dancer/App/CRM/Base.pm l. 69
[387] debug @0.000010> [hit #1] coming in main before in /Users/harshal/dev/Dancer-App-CRM/lib/Dancer/App/CRM/Base.pm l. 69
[387] debug @0.527374> [hit #2] coming in main before in /Users/harshal/dev/Dancer-App-CRM/lib/Dancer/App/CRM/Base.pm l. 69
[387] debug @0.528478> [hit #3] coming in main before in /Users/harshal/dev/Dancer-App-CRM/lib/Dancer/App/CRM/Base.pm l. 69
[396] debug @0.000009> [hit #1] coming in main before in /Users/harshal/dev/Dancer-App-CRM/lib/Dancer/App/CRM/Base.pm l. 69
[396] debug @0.646669> [hit #2] coming in main before in /Users/harshal/dev/Dancer-App-CRM/lib/Dancer/App/CRM/Base.pm l. 69
[396] debug @0.647747> [hit #3] coming in main before in /Users/harshal/dev/Dancer-App-CRM/lib/Dancer/App/CRM/Base.pm l. 69
